{"D:\\holidayAPI\\app.js": {"path":"D:\\holidayAPI\\app.js","statementMap":{"0":{"start":{"line":1,"column":0},"end":{"line":1,"column":27}},"1":{"start":{"line":2,"column":16},"end":{"line":2,"column":34}},"2":{"start":{"line":3,"column":17},"end":{"line":3,"column":36}},"3":{"start":{"line":4,"column":13},"end":{"line":4,"column":28}},"4":{"start":{"line":5,"column":16},"end":{"line":5,"column":43}},"5":{"start":{"line":7,"column":12},"end":{"line":7,"column":21}},"6":{"start":{"line":8,"column":0},"end":{"line":8,"column":24}},"7":{"start":{"line":9,"column":0},"end":{"line":9,"column":16}},"8":{"start":{"line":12,"column":0},"end":{"line":19,"column":3}},"9":{"start":{"line":13,"column":2},"end":{"line":18,"column":3}},"10":{"start":{"line":14,"column":21},"end":{"line":14,"column":41}},"11":{"start":{"line":15,"column":4},"end":{"line":15,"column":23}},"12":{"start":{"line":17,"column":4},"end":{"line":17,"column":51}},"13":{"start":{"line":21,"column":0},"end":{"line":31,"column":3}},"14":{"start":{"line":22,"column":2},"end":{"line":30,"column":3}},"15":{"start":{"line":23,"column":20},"end":{"line":23,"column":52}},"16":{"start":{"line":24,"column":21},"end":{"line":26,"column":6}},"17":{"start":{"line":27,"column":4},"end":{"line":27,"column":98}},"18":{"start":{"line":29,"column":4},"end":{"line":29,"column":51}},"19":{"start":{"line":33,"column":0},"end":{"line":46,"column":3}},"20":{"start":{"line":34,"column":34},"end":{"line":34,"column":42}},"21":{"start":{"line":35,"column":2},"end":{"line":37,"column":3}},"22":{"start":{"line":36,"column":4},"end":{"line":36,"column":72}},"23":{"start":{"line":39,"column":2},"end":{"line":45,"column":3}},"24":{"start":{"line":40,"column":20},"end":{"line":40,"column":56}},"25":{"start":{"line":41,"column":23},"end":{"line":41,"column":43}},"26":{"start":{"line":42,"column":4},"end":{"line":42,"column":37}},"27":{"start":{"line":44,"column":4},"end":{"line":44,"column":51}},"28":{"start":{"line":48,"column":0},"end":{"line":59,"column":3}},"29":{"start":{"line":49,"column":2},"end":{"line":58,"column":3}},"30":{"start":{"line":50,"column":27},"end":{"line":54,"column":5}},"31":{"start":{"line":55,"column":4},"end":{"line":55,"column":103}},"32":{"start":{"line":57,"column":4},"end":{"line":57,"column":51}},"33":{"start":{"line":61,"column":0},"end":{"line":68,"column":3}},"34":{"start":{"line":62,"column":2},"end":{"line":67,"column":3}},"35":{"start":{"line":63,"column":27},"end":{"line":63,"column":73}},"36":{"start":{"line":64,"column":4},"end":{"line":64,"column":119}},"37":{"start":{"line":66,"column":4},"end":{"line":66,"column":51}},"38":{"start":{"line":70,"column":0},"end":{"line":70,"column":21}}},"fnMap":{"0":{"name":"(anonymous_0)","decl":{"start":{"line":12,"column":25},"end":{"line":12,"column":26}},"loc":{"start":{"line":12,"column":45},"end":{"line":19,"column":1}},"line":12},"1":{"name":"(anonymous_1)","decl":{"start":{"line":21,"column":34},"end":{"line":21,"column":35}},"loc":{"start":{"line":21,"column":54},"end":{"line":31,"column":1}},"line":21},"2":{"name":"(anonymous_2)","decl":{"start":{"line":33,"column":26},"end":{"line":33,"column":27}},"loc":{"start":{"line":33,"column":46},"end":{"line":46,"column":1}},"line":33},"3":{"name":"(anonymous_3)","decl":{"start":{"line":48,"column":29},"end":{"line":48,"column":30}},"loc":{"start":{"line":48,"column":49},"end":{"line":59,"column":1}},"line":48},"4":{"name":"(anonymous_4)","decl":{"start":{"line":61,"column":32},"end":{"line":61,"column":33}},"loc":{"start":{"line":61,"column":52},"end":{"line":68,"column":1}},"line":61}},"branchMap":{"0":{"loc":{"start":{"line":27,"column":4},"end":{"line":27,"column":97}},"type":"cond-expr","locations":[{"start":{"line":27,"column":22},"end":{"line":27,"column":40}},{"start":{"line":27,"column":43},"end":{"line":27,"column":97}}],"line":27},"1":{"loc":{"start":{"line":35,"column":2},"end":{"line":37,"column":3}},"type":"if","locations":[{"start":{"line":35,"column":2},"end":{"line":37,"column":3}},{"start":{},"end":{}}],"line":35},"2":{"loc":{"start":{"line":35,"column":6},"end":{"line":35,"column":32}},"type":"binary-expr","locations":[{"start":{"line":35,"column":6},"end":{"line":35,"column":14}},{"start":{"line":35,"column":18},"end":{"line":35,"column":23}},{"start":{"line":35,"column":27},"end":{"line":35,"column":32}}],"line":35},"3":{"loc":{"start":{"line":55,"column":4},"end":{"line":55,"column":102}},"type":"cond-expr","locations":[{"start":{"line":55,"column":21},"end":{"line":55,"column":45}},{"start":{"line":55,"column":48},"end":{"line":55,"column":102}}],"line":55},"4":{"loc":{"start":{"line":64,"column":4},"end":{"line":64,"column":118}},"type":"cond-expr","locations":[{"start":{"line":64,"column":21},"end":{"line":64,"column":61}},{"start":{"line":64,"column":64},"end":{"line":64,"column":118}}],"line":64}},"s":{"0":1,"1":1,"2":1,"3":1,"4":1,"5":1,"6":1,"7":1,"8":1,"9":1,"10":1,"11":1,"12":0,"13":1,"14":1,"15":1,"16":1,"17":1,"18":0,"19":1,"20":1,"21":1,"22":0,"23":1,"24":1,"25":1,"26":1,"27":0,"28":1,"29":1,"30":1,"31":1,"32":0,"33":1,"34":1,"35":1,"36":1,"37":0,"38":1},"f":{"0":1,"1":1,"2":1,"3":1,"4":1},"b":{"0":[1,0],"1":[0,1],"2":[1,1,1],"3":[1,0],"4":[1,0]},"_coverageSchema":"1a1c01bbd47fc00a2c39e90264f33305004495a9","hash":"2c6242b98fd588af5b7eac246f0ebbfdf692a032"}
,"D:\\holidayAPI\\models\\Holiday.js": {"path":"D:\\holidayAPI\\models\\Holiday.js","statementMap":{"0":{"start":{"line":1,"column":17},"end":{"line":1,"column":36}},"1":{"start":{"line":3,"column":22},"end":{"line":18,"column":2}},"2":{"start":{"line":20,"column":0},"end":{"line":20,"column":58}}},"fnMap":{},"branchMap":{},"s":{"0":1,"1":1,"2":1},"f":{},"b":{},"_coverageSchema":"1a1c01bbd47fc00a2c39e90264f33305004495a9","hash":"bf9b6a820b832b549ef34e8eeef0c42ab8e9bc0c"}
}
